[2018-01-06 03:09:48] lumen.ERROR: ErrorException: Undefined variable: permHtml in /home/kingsoul/webmis/www/works/lumen/resources/views/admin/system/admin/perm.php:15
Stack trace:
#0 /home/kingsoul/webmis/www/works/lumen/resources/views/admin/system/admin/perm.php(15): Laravel\Lumen\Application->Laravel\Lumen\Concerns\{closure}(8, 'Undefined varia...', '/home/kingsoul/...', 15, Array)
#1 /home/kingsoul/webmis/www/works/lumen/vendor/illuminate/view/Engines/PhpEngine.php(43): include('/home/kingsoul/...')
#2 /home/kingsoul/webmis/www/works/lumen/vendor/illuminate/view/Engines/PhpEngine.php(21): Illuminate\View\Engines\PhpEngine->evaluatePath('/home/kingsoul/...', Array)
#3 /home/kingsoul/webmis/www/works/lumen/vendor/illuminate/view/View.php(137): Illuminate\View\Engines\PhpEngine->get('/home/kingsoul/...', Array)
#4 /home/kingsoul/webmis/www/works/lumen/vendor/illuminate/view/View.php(120): Illuminate\View\View->getContents()
#5 /home/kingsoul/webmis/www/works/lumen/vendor/illuminate/view/View.php(85): Illuminate\View\View->renderContents()
#6 /home/kingsoul/webmis/www/works/lumen/vendor/illuminate/http/Response.php(42): Illuminate\View\View->render()
#7 /home/kingsoul/webmis/www/works/lumen/vendor/symfony/http-foundation/Response.php(200): Illuminate\Http\Response->setContent(Object(Illuminate\View\View))
#8 /home/kingsoul/webmis/www/works/lumen/vendor/laravel/lumen-framework/src/Concerns/RoutesRequests.php(431): Symfony\Component\HttpFoundation\Response->__construct(Object(Illuminate\View\View))
#9 /home/kingsoul/webmis/www/works/lumen/vendor/laravel/lumen-framework/src/Concerns/RoutesRequests.php(373): Laravel\Lumen\Application->prepareResponse(Object(Illuminate\View\View))
#10 /home/kingsoul/webmis/www/works/lumen/vendor/laravel/lumen-framework/src/Concerns/RoutesRequests.php(339): Laravel\Lumen\Application->callControllerCallable(Array, Array)
#11 /home/kingsoul/webmis/www/works/lumen/vendor/laravel/lumen-framework/src/Concerns/RoutesRequests.php(313): Laravel\Lumen\Application->callLumenController(Object(App\Http\Controllers\Admin\SysAdminsController), 'perm', Array)
#12 /home/kingsoul/webmis/www/works/lumen/vendor/laravel/lumen-framework/src/Concerns/RoutesRequests.php(275): Laravel\Lumen\Application->callControllerAction(Array)
#13 /home/kingsoul/webmis/www/works/lumen/vendor/laravel/lumen-framework/src/Concerns/RoutesRequests.php(255): Laravel\Lumen\Application->callActionOnArrayBasedRoute(Array)
#14 [internal function]: Laravel\Lumen\Application->Laravel\Lumen\Concerns\{closure}(Object(Illuminate\Http\Request))
#15 /home/kingsoul/webmis/www/works/lumen/vendor/laravel/lumen-framework/src/Routing/Pipeline.php(52): call_user_func(Object(Closure), Object(Illuminate\Http\Request))
#16 /home/kingsoul/webmis/www/works/lumen/app/Http/Middleware/Admin.php(49): Laravel\Lumen\Routing\Pipeline->Laravel\Lumen\Routing\{closure}(Object(Illuminate\Http\Request))
#17 /home/kingsoul/webmis/www/works/lumen/vendor/illuminate/pipeline/Pipeline.php(149): App\Http\Middleware\Admin->handle(Object(Illuminate\Http\Request), Object(Closure))
#18 [internal function]: Illuminate\Pipeline\Pipeline->Illuminate\Pipeline\{closure}(Object(Illuminate\Http\Request))
#19 /home/kingsoul/webmis/www/works/lumen/vendor/laravel/lumen-framework/src/Routing/Pipeline.php(32): call_user_func(Object(Closure), Object(Illuminate\Http\Request))
#20 /home/kingsoul/webmis/www/works/lumen/vendor/illuminate/pipeline/Pipeline.php(102): Laravel\Lumen\Routing\Pipeline->Laravel\Lumen\Routing\{closure}(Object(Illuminate\Http\Request))
#21 /home/kingsoul/webmis/www/works/lumen/vendor/laravel/lumen-framework/src/Concerns/RoutesRequests.php(410): Illuminate\Pipeline\Pipeline->then(Object(Closure))
#22 /home/kingsoul/webmis/www/works/lumen/vendor/laravel/lumen-framework/src/Concerns/RoutesRequests.php(256): Laravel\Lumen\Application->sendThroughPipeline(Array, Object(Closure))
#23 /home/kingsoul/webmis/www/works/lumen/vendor/laravel/lumen-framework/src/Concerns/RoutesRequests.php(160): Laravel\Lumen\Application->handleFoundRoute(Array)
#24 /home/kingsoul/webmis/www/works/lumen/vendor/laravel/lumen-framework/src/Concerns/RoutesRequests.php(413): Laravel\Lumen\Application->Laravel\Lumen\Concerns\{closure}()
#25 /home/kingsoul/webmis/www/works/lumen/vendor/laravel/lumen-framework/src/Concerns/RoutesRequests.php(166): Laravel\Lumen\Application->sendThroughPipeline(Array, Object(Closure))
#26 /home/kingsoul/webmis/www/works/lumen/vendor/laravel/lumen-framework/src/Concerns/RoutesRequests.php(107): Laravel\Lumen\Application->dispatch(NULL)
#27 /home/kingsoul/webmis/www/works/lumen/public/index.php(7): Laravel\Lumen\Application->run()
#28 {main}  
[2018-01-06 03:10:48] lumen.ERROR: ErrorException: Undefined variable: permHtml in /home/kingsoul/webmis/www/works/lumen/resources/views/admin/system/admin/perm.php:15
Stack trace:
#0 /home/kingsoul/webmis/www/works/lumen/resources/views/admin/system/admin/perm.php(15): Laravel\Lumen\Application->Laravel\Lumen\Concerns\{closure}(8, 'Undefined varia...', '/home/kingsoul/...', 15, Array)
#1 /home/kingsoul/webmis/www/works/lumen/vendor/illuminate/view/Engines/PhpEngine.php(43): include('/home/kingsoul/...')
#2 /home/kingsoul/webmis/www/works/lumen/vendor/illuminate/view/Engines/PhpEngine.php(21): Illuminate\View\Engines\PhpEngine->evaluatePath('/home/kingsoul/...', Array)
#3 /home/kingsoul/webmis/www/works/lumen/vendor/illuminate/view/View.php(137): Illuminate\View\Engines\PhpEngine->get('/home/kingsoul/...', Array)
#4 /home/kingsoul/webmis/www/works/lumen/vendor/illuminate/view/View.php(120): Illuminate\View\View->getContents()
#5 /home/kingsoul/webmis/www/works/lumen/vendor/illuminate/view/View.php(85): Illuminate\View\View->renderContents()
#6 /home/kingsoul/webmis/www/works/lumen/vendor/illuminate/http/Response.php(42): Illuminate\View\View->render()
#7 /home/kingsoul/webmis/www/works/lumen/vendor/symfony/http-foundation/Response.php(200): Illuminate\Http\Response->setContent(Object(Illuminate\View\View))
#8 /home/kingsoul/webmis/www/works/lumen/vendor/laravel/lumen-framework/src/Concerns/RoutesRequests.php(431): Symfony\Component\HttpFoundation\Response->__construct(Object(Illuminate\View\View))
#9 /home/kingsoul/webmis/www/works/lumen/vendor/laravel/lumen-framework/src/Concerns/RoutesRequests.php(373): Laravel\Lumen\Application->prepareResponse(Object(Illuminate\View\View))
#10 /home/kingsoul/webmis/www/works/lumen/vendor/laravel/lumen-framework/src/Concerns/RoutesRequests.php(339): Laravel\Lumen\Application->callControllerCallable(Array, Array)
#11 /home/kingsoul/webmis/www/works/lumen/vendor/laravel/lumen-framework/src/Concerns/RoutesRequests.php(313): Laravel\Lumen\Application->callLumenController(Object(App\Http\Controllers\Admin\SysAdminsController), 'perm', Array)
#12 /home/kingsoul/webmis/www/works/lumen/vendor/laravel/lumen-framework/src/Concerns/RoutesRequests.php(275): Laravel\Lumen\Application->callControllerAction(Array)
#13 /home/kingsoul/webmis/www/works/lumen/vendor/laravel/lumen-framework/src/Concerns/RoutesRequests.php(255): Laravel\Lumen\Application->callActionOnArrayBasedRoute(Array)
#14 [internal function]: Laravel\Lumen\Application->Laravel\Lumen\Concerns\{closure}(Object(Illuminate\Http\Request))
#15 /home/kingsoul/webmis/www/works/lumen/vendor/laravel/lumen-framework/src/Routing/Pipeline.php(52): call_user_func(Object(Closure), Object(Illuminate\Http\Request))
#16 /home/kingsoul/webmis/www/works/lumen/app/Http/Middleware/Admin.php(49): Laravel\Lumen\Routing\Pipeline->Laravel\Lumen\Routing\{closure}(Object(Illuminate\Http\Request))
#17 /home/kingsoul/webmis/www/works/lumen/vendor/illuminate/pipeline/Pipeline.php(149): App\Http\Middleware\Admin->handle(Object(Illuminate\Http\Request), Object(Closure))
#18 [internal function]: Illuminate\Pipeline\Pipeline->Illuminate\Pipeline\{closure}(Object(Illuminate\Http\Request))
#19 /home/kingsoul/webmis/www/works/lumen/vendor/laravel/lumen-framework/src/Routing/Pipeline.php(32): call_user_func(Object(Closure), Object(Illuminate\Http\Request))
#20 /home/kingsoul/webmis/www/works/lumen/vendor/illuminate/pipeline/Pipeline.php(102): Laravel\Lumen\Routing\Pipeline->Laravel\Lumen\Routing\{closure}(Object(Illuminate\Http\Request))
#21 /home/kingsoul/webmis/www/works/lumen/vendor/laravel/lumen-framework/src/Concerns/RoutesRequests.php(410): Illuminate\Pipeline\Pipeline->then(Object(Closure))
#22 /home/kingsoul/webmis/www/works/lumen/vendor/laravel/lumen-framework/src/Concerns/RoutesRequests.php(256): Laravel\Lumen\Application->sendThroughPipeline(Array, Object(Closure))
#23 /home/kingsoul/webmis/www/works/lumen/vendor/laravel/lumen-framework/src/Concerns/RoutesRequests.php(160): Laravel\Lumen\Application->handleFoundRoute(Array)
#24 /home/kingsoul/webmis/www/works/lumen/vendor/laravel/lumen-framework/src/Concerns/RoutesRequests.php(413): Laravel\Lumen\Application->Laravel\Lumen\Concerns\{closure}()
#25 /home/kingsoul/webmis/www/works/lumen/vendor/laravel/lumen-framework/src/Concerns/RoutesRequests.php(166): Laravel\Lumen\Application->sendThroughPipeline(Array, Object(Closure))
#26 /home/kingsoul/webmis/www/works/lumen/vendor/laravel/lumen-framework/src/Concerns/RoutesRequests.php(107): Laravel\Lumen\Application->dispatch(NULL)
#27 /home/kingsoul/webmis/www/works/lumen/public/index.php(7): Laravel\Lumen\Application->run()
#28 {main}  
[2018-01-06 03:11:06] lumen.ERROR: ErrorException: Undefined variable: permHtml in /home/kingsoul/webmis/www/works/lumen/resources/views/admin/system/admin/perm.php:15
Stack trace:
#0 /home/kingsoul/webmis/www/works/lumen/resources/views/admin/system/admin/perm.php(15): Laravel\Lumen\Application->Laravel\Lumen\Concerns\{closure}(8, 'Undefined varia...', '/home/kingsoul/...', 15, Array)
#1 /home/kingsoul/webmis/www/works/lumen/vendor/illuminate/view/Engines/PhpEngine.php(43): include('/home/kingsoul/...')
#2 /home/kingsoul/webmis/www/works/lumen/vendor/illuminate/view/Engines/PhpEngine.php(21): Illuminate\View\Engines\PhpEngine->evaluatePath('/home/kingsoul/...', Array)
#3 /home/kingsoul/webmis/www/works/lumen/vendor/illuminate/view/View.php(137): Illuminate\View\Engines\PhpEngine->get('/home/kingsoul/...', Array)
#4 /home/kingsoul/webmis/www/works/lumen/vendor/illuminate/view/View.php(120): Illuminate\View\View->getContents()
#5 /home/kingsoul/webmis/www/works/lumen/vendor/illuminate/view/View.php(85): Illuminate\View\View->renderContents()
#6 /home/kingsoul/webmis/www/works/lumen/vendor/illuminate/http/Response.php(42): Illuminate\View\View->render()
#7 /home/kingsoul/webmis/www/works/lumen/vendor/symfony/http-foundation/Response.php(200): Illuminate\Http\Response->setContent(Object(Illuminate\View\View))
#8 /home/kingsoul/webmis/www/works/lumen/vendor/laravel/lumen-framework/src/Concerns/RoutesRequests.php(431): Symfony\Component\HttpFoundation\Response->__construct(Object(Illuminate\View\View))
#9 /home/kingsoul/webmis/www/works/lumen/vendor/laravel/lumen-framework/src/Concerns/RoutesRequests.php(373): Laravel\Lumen\Application->prepareResponse(Object(Illuminate\View\View))
#10 /home/kingsoul/webmis/www/works/lumen/vendor/laravel/lumen-framework/src/Concerns/RoutesRequests.php(339): Laravel\Lumen\Application->callControllerCallable(Array, Array)
#11 /home/kingsoul/webmis/www/works/lumen/vendor/laravel/lumen-framework/src/Concerns/RoutesRequests.php(313): Laravel\Lumen\Application->callLumenController(Object(App\Http\Controllers\Admin\SysAdminsController), 'perm', Array)
#12 /home/kingsoul/webmis/www/works/lumen/vendor/laravel/lumen-framework/src/Concerns/RoutesRequests.php(275): Laravel\Lumen\Application->callControllerAction(Array)
#13 /home/kingsoul/webmis/www/works/lumen/vendor/laravel/lumen-framework/src/Concerns/RoutesRequests.php(255): Laravel\Lumen\Application->callActionOnArrayBasedRoute(Array)
#14 [internal function]: Laravel\Lumen\Application->Laravel\Lumen\Concerns\{closure}(Object(Illuminate\Http\Request))
#15 /home/kingsoul/webmis/www/works/lumen/vendor/laravel/lumen-framework/src/Routing/Pipeline.php(52): call_user_func(Object(Closure), Object(Illuminate\Http\Request))
#16 /home/kingsoul/webmis/www/works/lumen/app/Http/Middleware/Admin.php(49): Laravel\Lumen\Routing\Pipeline->Laravel\Lumen\Routing\{closure}(Object(Illuminate\Http\Request))
#17 /home/kingsoul/webmis/www/works/lumen/vendor/illuminate/pipeline/Pipeline.php(149): App\Http\Middleware\Admin->handle(Object(Illuminate\Http\Request), Object(Closure))
#18 [internal function]: Illuminate\Pipeline\Pipeline->Illuminate\Pipeline\{closure}(Object(Illuminate\Http\Request))
#19 /home/kingsoul/webmis/www/works/lumen/vendor/laravel/lumen-framework/src/Routing/Pipeline.php(32): call_user_func(Object(Closure), Object(Illuminate\Http\Request))
#20 /home/kingsoul/webmis/www/works/lumen/vendor/illuminate/pipeline/Pipeline.php(102): Laravel\Lumen\Routing\Pipeline->Laravel\Lumen\Routing\{closure}(Object(Illuminate\Http\Request))
#21 /home/kingsoul/webmis/www/works/lumen/vendor/laravel/lumen-framework/src/Concerns/RoutesRequests.php(410): Illuminate\Pipeline\Pipeline->then(Object(Closure))
#22 /home/kingsoul/webmis/www/works/lumen/vendor/laravel/lumen-framework/src/Concerns/RoutesRequests.php(256): Laravel\Lumen\Application->sendThroughPipeline(Array, Object(Closure))
#23 /home/kingsoul/webmis/www/works/lumen/vendor/laravel/lumen-framework/src/Concerns/RoutesRequests.php(160): Laravel\Lumen\Application->handleFoundRoute(Array)
#24 /home/kingsoul/webmis/www/works/lumen/vendor/laravel/lumen-framework/src/Concerns/RoutesRequests.php(413): Laravel\Lumen\Application->Laravel\Lumen\Concerns\{closure}()
#25 /home/kingsoul/webmis/www/works/lumen/vendor/laravel/lumen-framework/src/Concerns/RoutesRequests.php(166): Laravel\Lumen\Application->sendThroughPipeline(Array, Object(Closure))
#26 /home/kingsoul/webmis/www/works/lumen/vendor/laravel/lumen-framework/src/Concerns/RoutesRequests.php(107): Laravel\Lumen\Application->dispatch(NULL)
#27 /home/kingsoul/webmis/www/works/lumen/public/index.php(7): Laravel\Lumen\Application->run()
#28 {main}  
[2018-01-06 03:13:51] lumen.ERROR: ErrorException: Undefined variable: permHtml in /home/kingsoul/webmis/www/works/lumen/resources/views/admin/system/admin/perm.php:15
Stack trace:
#0 /home/kingsoul/webmis/www/works/lumen/resources/views/admin/system/admin/perm.php(15): Laravel\Lumen\Application->Laravel\Lumen\Concerns\{closure}(8, 'Undefined varia...', '/home/kingsoul/...', 15, Array)
#1 /home/kingsoul/webmis/www/works/lumen/vendor/illuminate/view/Engines/PhpEngine.php(43): include('/home/kingsoul/...')
#2 /home/kingsoul/webmis/www/works/lumen/vendor/illuminate/view/Engines/PhpEngine.php(21): Illuminate\View\Engines\PhpEngine->evaluatePath('/home/kingsoul/...', Array)
#3 /home/kingsoul/webmis/www/works/lumen/vendor/illuminate/view/View.php(137): Illuminate\View\Engines\PhpEngine->get('/home/kingsoul/...', Array)
#4 /home/kingsoul/webmis/www/works/lumen/vendor/illuminate/view/View.php(120): Illuminate\View\View->getContents()
#5 /home/kingsoul/webmis/www/works/lumen/vendor/illuminate/view/View.php(85): Illuminate\View\View->renderContents()
#6 /home/kingsoul/webmis/www/works/lumen/vendor/illuminate/http/Response.php(42): Illuminate\View\View->render()
#7 /home/kingsoul/webmis/www/works/lumen/vendor/symfony/http-foundation/Response.php(200): Illuminate\Http\Response->setContent(Object(Illuminate\View\View))
#8 /home/kingsoul/webmis/www/works/lumen/vendor/laravel/lumen-framework/src/Concerns/RoutesRequests.php(431): Symfony\Component\HttpFoundation\Response->__construct(Object(Illuminate\View\View))
#9 /home/kingsoul/webmis/www/works/lumen/vendor/laravel/lumen-framework/src/Concerns/RoutesRequests.php(373): Laravel\Lumen\Application->prepareResponse(Object(Illuminate\View\View))
#10 /home/kingsoul/webmis/www/works/lumen/vendor/laravel/lumen-framework/src/Concerns/RoutesRequests.php(339): Laravel\Lumen\Application->callControllerCallable(Array, Array)
#11 /home/kingsoul/webmis/www/works/lumen/vendor/laravel/lumen-framework/src/Concerns/RoutesRequests.php(313): Laravel\Lumen\Application->callLumenController(Object(App\Http\Controllers\Admin\SysAdminsController), 'perm', Array)
#12 /home/kingsoul/webmis/www/works/lumen/vendor/laravel/lumen-framework/src/Concerns/RoutesRequests.php(275): Laravel\Lumen\Application->callControllerAction(Array)
#13 /home/kingsoul/webmis/www/works/lumen/vendor/laravel/lumen-framework/src/Concerns/RoutesRequests.php(255): Laravel\Lumen\Application->callActionOnArrayBasedRoute(Array)
#14 [internal function]: Laravel\Lumen\Application->Laravel\Lumen\Concerns\{closure}(Object(Illuminate\Http\Request))
#15 /home/kingsoul/webmis/www/works/lumen/vendor/laravel/lumen-framework/src/Routing/Pipeline.php(52): call_user_func(Object(Closure), Object(Illuminate\Http\Request))
#16 /home/kingsoul/webmis/www/works/lumen/app/Http/Middleware/Admin.php(49): Laravel\Lumen\Routing\Pipeline->Laravel\Lumen\Routing\{closure}(Object(Illuminate\Http\Request))
#17 /home/kingsoul/webmis/www/works/lumen/vendor/illuminate/pipeline/Pipeline.php(149): App\Http\Middleware\Admin->handle(Object(Illuminate\Http\Request), Object(Closure))
#18 [internal function]: Illuminate\Pipeline\Pipeline->Illuminate\Pipeline\{closure}(Object(Illuminate\Http\Request))
#19 /home/kingsoul/webmis/www/works/lumen/vendor/laravel/lumen-framework/src/Routing/Pipeline.php(32): call_user_func(Object(Closure), Object(Illuminate\Http\Request))
#20 /home/kingsoul/webmis/www/works/lumen/vendor/illuminate/pipeline/Pipeline.php(102): Laravel\Lumen\Routing\Pipeline->Laravel\Lumen\Routing\{closure}(Object(Illuminate\Http\Request))
#21 /home/kingsoul/webmis/www/works/lumen/vendor/laravel/lumen-framework/src/Concerns/RoutesRequests.php(410): Illuminate\Pipeline\Pipeline->then(Object(Closure))
#22 /home/kingsoul/webmis/www/works/lumen/vendor/laravel/lumen-framework/src/Concerns/RoutesRequests.php(256): Laravel\Lumen\Application->sendThroughPipeline(Array, Object(Closure))
#23 /home/kingsoul/webmis/www/works/lumen/vendor/laravel/lumen-framework/src/Concerns/RoutesRequests.php(160): Laravel\Lumen\Application->handleFoundRoute(Array)
#24 /home/kingsoul/webmis/www/works/lumen/vendor/laravel/lumen-framework/src/Concerns/RoutesRequests.php(413): Laravel\Lumen\Application->Laravel\Lumen\Concerns\{closure}()
#25 /home/kingsoul/webmis/www/works/lumen/vendor/laravel/lumen-framework/src/Concerns/RoutesRequests.php(166): Laravel\Lumen\Application->sendThroughPipeline(Array, Object(Closure))
#26 /home/kingsoul/webmis/www/works/lumen/vendor/laravel/lumen-framework/src/Concerns/RoutesRequests.php(107): Laravel\Lumen\Application->dispatch(NULL)
#27 /home/kingsoul/webmis/www/works/lumen/public/index.php(7): Laravel\Lumen\Application->run()
#28 {main}  
[2018-01-06 03:17:02] lumen.ERROR: Symfony\Component\Debug\Exception\FatalThrowableError: Call to private method App\Http\Controllers\Admin\UserBase::_getMenu() from context 'App\Http\Controllers\Admin\SysAdminsController' in /home/kingsoul/webmis/www/works/lumen/app/Http/Controllers/Admin/SysAdminsController.php:217
Stack trace:
#0 /home/kingsoul/webmis/www/works/lumen/app/Http/Controllers/Admin/SysAdminsController.php(195): App\Http\Controllers\Admin\SysAdminsController->Menus()
#1 [internal function]: App\Http\Controllers\Admin\SysAdminsController->perm()
#2 /home/kingsoul/webmis/www/works/lumen/vendor/illuminate/container/BoundMethod.php(29): call_user_func_array(Array, Array)
#3 /home/kingsoul/webmis/www/works/lumen/vendor/illuminate/container/BoundMethod.php(87): Illuminate\Container\BoundMethod::Illuminate\Container\{closure}()
#4 /home/kingsoul/webmis/www/works/lumen/vendor/illuminate/container/BoundMethod.php(31): Illuminate\Container\BoundMethod::callBoundMethod(Object(Laravel\Lumen\Application), Array, Object(Closure))
#5 /home/kingsoul/webmis/www/works/lumen/vendor/illuminate/container/Container.php(549): Illuminate\Container\BoundMethod::call(Object(Laravel\Lumen\Application), Array, Array, NULL)
#6 /home/kingsoul/webmis/www/works/lumen/vendor/laravel/lumen-framework/src/Concerns/RoutesRequests.php(373): Illuminate\Container\Container->call(Array, Array)
#7 /home/kingsoul/webmis/www/works/lumen/vendor/laravel/lumen-framework/src/Concerns/RoutesRequests.php(339): Laravel\Lumen\Application->callControllerCallable(Array, Array)
#8 /home/kingsoul/webmis/www/works/lumen/vendor/laravel/lumen-framework/src/Concerns/RoutesRequests.php(313): Laravel\Lumen\Application->callLumenController(Object(App\Http\Controllers\Admin\SysAdminsController), 'perm', Array)
#9 /home/kingsoul/webmis/www/works/lumen/vendor/laravel/lumen-framework/src/Concerns/RoutesRequests.php(275): Laravel\Lumen\Application->callControllerAction(Array)
#10 /home/kingsoul/webmis/www/works/lumen/vendor/laravel/lumen-framework/src/Concerns/RoutesRequests.php(255): Laravel\Lumen\Application->callActionOnArrayBasedRoute(Array)
#11 [internal function]: Laravel\Lumen\Application->Laravel\Lumen\Concerns\{closure}(Object(Illuminate\Http\Request))
#12 /home/kingsoul/webmis/www/works/lumen/vendor/laravel/lumen-framework/src/Routing/Pipeline.php(52): call_user_func(Object(Closure), Object(Illuminate\Http\Request))
#13 /home/kingsoul/webmis/www/works/lumen/app/Http/Middleware/Admin.php(49): Laravel\Lumen\Routing\Pipeline->Laravel\Lumen\Routing\{closure}(Object(Illuminate\Http\Request))
#14 /home/kingsoul/webmis/www/works/lumen/vendor/illuminate/pipeline/Pipeline.php(149): App\Http\Middleware\Admin->handle(Object(Illuminate\Http\Request), Object(Closure))
#15 [internal function]: Illuminate\Pipeline\Pipeline->Illuminate\Pipeline\{closure}(Object(Illuminate\Http\Request))
#16 /home/kingsoul/webmis/www/works/lumen/vendor/laravel/lumen-framework/src/Routing/Pipeline.php(32): call_user_func(Object(Closure), Object(Illuminate\Http\Request))
#17 /home/kingsoul/webmis/www/works/lumen/vendor/illuminate/pipeline/Pipeline.php(102): Laravel\Lumen\Routing\Pipeline->Laravel\Lumen\Routing\{closure}(Object(Illuminate\Http\Request))
#18 /home/kingsoul/webmis/www/works/lumen/vendor/laravel/lumen-framework/src/Concerns/RoutesRequests.php(410): Illuminate\Pipeline\Pipeline->then(Object(Closure))
#19 /home/kingsoul/webmis/www/works/lumen/vendor/laravel/lumen-framework/src/Concerns/RoutesRequests.php(256): Laravel\Lumen\Application->sendThroughPipeline(Array, Object(Closure))
#20 /home/kingsoul/webmis/www/works/lumen/vendor/laravel/lumen-framework/src/Concerns/RoutesRequests.php(160): Laravel\Lumen\Application->handleFoundRoute(Array)
#21 /home/kingsoul/webmis/www/works/lumen/vendor/laravel/lumen-framework/src/Concerns/RoutesRequests.php(413): Laravel\Lumen\Application->Laravel\Lumen\Concerns\{closure}()
#22 /home/kingsoul/webmis/www/works/lumen/vendor/laravel/lumen-framework/src/Concerns/RoutesRequests.php(166): Laravel\Lumen\Application->sendThroughPipeline(Array, Object(Closure))
#23 /home/kingsoul/webmis/www/works/lumen/vendor/laravel/lumen-framework/src/Concerns/RoutesRequests.php(107): Laravel\Lumen\Application->dispatch(NULL)
#24 /home/kingsoul/webmis/www/works/lumen/public/index.php(7): Laravel\Lumen\Application->run()
#25 {main}  
